<?xml version="1.0" encoding="UTF-8"?>
<!-- Generated by org.testng.reporters.JUnitReportReporter -->
<testsuite skipped="0" hostname="PDWARAKA-PC" name="test.ng.AdactinHotel" tests="4" failures="0" timestamp="06 Jan 2022 02:35:55 GMT" time="22.703" errors="0">
  <testcase name="test4" time="7.276" classname="test.ng.AdactinHotel"/>
  <testcase name="test1" time="9.560" classname="test.ng.AdactinHotel"/>
  <testcase name="test2" time="2.220" classname="test.ng.AdactinHotel"/>
  <testcase name="test3" time="3.647" classname="test.ng.AdactinHotel"/>
</testsuite> <!-- test.ng.AdactinHotel -->
