<?xml version="1.0" encoding="UTF-8"?>
<!-- Generated by org.testng.reporters.JUnitReportReporter -->
<testsuite skipped="0" hostname="WIN10DESKTOP" name="test.ng.Grp2" tests="10" failures="0" timestamp="05 Mar 2022 13:06:10 GMT" time="0.063" errors="0">
  <testcase name="test7" time="0.000" classname="test.ng.Grp2"/>
  <testcase name="test6" time="0.000" classname="test.ng.Grp2"/>
  <testcase name="test5" time="0.032" classname="test.ng.Grp2"/>
  <testcase name="test8" time="0.000" classname="test.ng.Grp2"/>
  <testcase name="test6" time="0.016" classname="test.ng.Grp2"/>
  <testcase name="test5" time="0.000" classname="test.ng.Grp2"/>
  <testcase name="test7" time="0.015" classname="test.ng.Grp2"/>
  <testcase name="test7" time="0.000" classname="test.ng.Grp2"/>
  <testcase name="test8" time="0.000" classname="test.ng.Grp2"/>
  <testcase name="test5" time="0.000" classname="test.ng.Grp2"/>
</testsuite> <!-- test.ng.Grp2 -->
