<?xml version="1.0" encoding="UTF-8"?>
<!-- Generated by org.testng.reporters.JUnitReportReporter -->
<testsuite skipped="0" hostname="WIN10DESKTOP" name="test.ng.Grp1" tests="10" failures="0" timestamp="05 Mar 2022 13:06:10 GMT" time="0.051" errors="0">
  <testcase name="test3" time="0.000" classname="test.ng.Grp1"/>
  <testcase name="test2" time="0.000" classname="test.ng.Grp1"/>
  <testcase name="test2" time="0.000" classname="test.ng.Grp1"/>
  <testcase name="test4" time="0.001" classname="test.ng.Grp1"/>
  <testcase name="test2" time="0.000" classname="test.ng.Grp1"/>
  <testcase name="test1" time="0.032" classname="test.ng.Grp1"/>
  <testcase name="test1" time="0.000" classname="test.ng.Grp1"/>
  <testcase name="test4" time="0.000" classname="test.ng.Grp1"/>
  <testcase name="test1" time="0.000" classname="test.ng.Grp1"/>
  <testcase name="test3" time="0.018" classname="test.ng.Grp1"/>
</testsuite> <!-- test.ng.Grp1 -->
