<?xml version="1.0" encoding="UTF-8"?>
<!-- Generated by org.testng.reporters.JUnitReportReporter -->
<testsuite skipped="0" hostname="WIN10DESKTOP" name="test.ng.AdactinDatas" tests="6" failures="0" timestamp="01 Mar 2022 11:03:49 GMT" time="0.000" errors="0">
  <testcase name="test1" time="0.000" classname="test.ng.AdactinDatas"/>
  <testcase name="test1" time="0.000" classname="test.ng.AdactinDatas"/>
  <testcase name="test3" time="0.000" classname="test.ng.AdactinDatas"/>
  <testcase name="test2" time="0.000" classname="test.ng.AdactinDatas"/>
  <testcase name="test1" time="0.000" classname="test.ng.AdactinDatas"/>
  <testcase name="test2" time="0.000" classname="test.ng.AdactinDatas"/>
</testsuite> <!-- test.ng.AdactinDatas -->
