<?xml version="1.0" encoding="UTF-8"?>
<!-- Generated by org.testng.reporters.JUnitReportReporter -->
<testsuite hostname="PDWARAKA-PC" name="test.ng.Testngsample" tests="2" failures="0" timestamp="6 Jan 2022 22:55:50 GMT" time="0.012" errors="0">
  <testcase name="test2" time="0.003" classname="test.ng.Testngsample"/>
  <testcase name="test1" time="0.009" classname="test.ng.Testngsample"/>
</testsuite> <!-- test.ng.Testngsample -->
